Host command: /shared/tools/ncsim/tools/verilog/bin/verilog.exe
Command arguments:
    timescale.v
    watchdog.v
    watchdog_defines.v

VERILOG-XL 3.30.p001 log file created Sep 12, 2002  12:04:24
VERILOG-XL 3.30.p001   Sep 12, 2002  12:04:24

Copyright (c) 1995 Cadence Design Systems, Inc.  All Rights Reserved.
Unpublished -- rights reserved under the copyright laws of the United States.

Copyright (c) 1995 UNIX Systems Laboratories, Inc.  Reproduced with Permission.

THIS SOFTWARE AND ON-LINE DOCUMENTATION CONTAIN CONFIDENTIAL INFORMATION
AND TRADE SECRETS OF CADENCE DESIGN SYSTEMS, INC.  USE, DISCLOSURE, OR
REPRODUCTION IS PROHIBITED WITHOUT THE PRIOR EXPRESS WRITTEN PERMISSION OF
CADENCE DESIGN SYSTEMS, INC.
RESTRICTED RIGHTS LEGEND

Use, duplication, or disclosure by the Government is subject to
restrictions as set forth in subparagraph (c)(1)(ii) of the Rights in
Technical Data and Computer Software clause at DFARS 252.227-7013 or
subparagraphs (c)(1) and (2) of Commercial Computer Software -- Restricted
Rights at 48 CFR 52.227-19, as applicable.

                Cadence Design Systems, Inc.
                555 River Oaks Parkway
                San Jose, California  95134

For technical assistance please contact the Cadence Response Center at
1-877-CDS-4911 or send email to support@cadence.com

For more information on Cadence's Verilog-XL product line send email to
talkv@cadence.com

Compiling source file "timescale.v"
Compiling source file "watchdog.v"
Compiling included source file "timescale.v"
Continuing compilation of source file "watchdog.v"
Compiling included source file "watchdog_defines.v"
Continuing compilation of source file "watchdog.v"
Compiling source file "watchdog_defines.v"
Highest level modules:
watchdog

0 simulation events (use +profile or +listcounts option to count)
CPU time: 0.0 secs to compile + 0.0 secs to link + 0.0 secs in simulation
End of VERILOG-XL 3.30.p001   Sep 12, 2002  12:04:24
